<?xml version="1.0" encoding="UTF-8" ?>
<testsuite errors="0" failures="0" hostname="Romain-PC" name="biblioj.TypeDocumentControllerTests" tests="8" time="0.598" timestamp="2014-04-22T21:17:41">
  <properties />
  <testcase classname="biblioj.TypeDocumentControllerTests" name="testList" time="0.194" />
  <testcase classname="biblioj.TypeDocumentControllerTests" name="testShow" time="0.082" />
  <testcase classname="biblioj.TypeDocumentControllerTests" name="testUpdate" time="0.044" />
  <testcase classname="biblioj.TypeDocumentControllerTests" name="testCreate" time="0.034" />
  <testcase classname="biblioj.TypeDocumentControllerTests" name="testSave" time="0.038" />
  <testcase classname="biblioj.TypeDocumentControllerTests" name="testDelete" time="0.04" />
  <testcase classname="biblioj.TypeDocumentControllerTests" name="testEdit" time="0.057" />
  <testcase classname="biblioj.TypeDocumentControllerTests" name="testIndex" time="0.035" />
  <system-out><![CDATA[--Output from testList--
--Output from testShow--
--Output from testUpdate--
--Output from testCreate--
--Output from testSave--
--Output from testDelete--
--Output from testEdit--
--Output from testIndex--
]]></system-out>
  <system-err><![CDATA[--Output from testList--
--Output from testShow--
--Output from testUpdate--
--Output from testCreate--
--Output from testSave--
--Output from testDelete--
--Output from testEdit--
--Output from testIndex--
]]></system-err>
</testsuite>
