<?xml version="1.0" encoding="UTF-8" ?>
<testsuite errors="0" failures="0" hostname="Romain-PC" name="biblioj.ReservationTests" tests="3" time="0.171" timestamp="2014-04-22T21:17:41">
  <properties />
  <testcase classname="biblioj.ReservationTests" name="testMauvaiseCreation" time="0.056" />
  <testcase classname="biblioj.ReservationTests" name="testToString" time="0.008" />
  <testcase classname="biblioj.ReservationTests" name="testCreation" time="0.008" />
  <system-out><![CDATA[--Output from testMauvaiseCreation--
--Output from testToString--
--Output from testCreation--
]]></system-out>
  <system-err><![CDATA[--Output from testMauvaiseCreation--
--Output from testToString--
--Output from testCreation--
]]></system-err>
</testsuite>
