<?xml version="1.0" encoding="UTF-8" ?>
<testsuite errors="0" failures="0" hostname="Romain-PC" name="biblioj.ReservationControllerTests" tests="10" time="0.736" timestamp="2014-04-22T21:17:40">
  <properties />
  <testcase classname="biblioj.ReservationControllerTests" name="testList" time="0.195" />
  <testcase classname="biblioj.ReservationControllerTests" name="testShow" time="0.098" />
  <testcase classname="biblioj.ReservationControllerTests" name="testUpdate" time="0.05" />
  <testcase classname="biblioj.ReservationControllerTests" name="testCreate" time="0.038" />
  <testcase classname="biblioj.ReservationControllerTests" name="testSave" time="0.042" />
  <testcase classname="biblioj.ReservationControllerTests" name="testDelete" time="0.069" />
  <testcase classname="biblioj.ReservationControllerTests" name="testEdit" time="0.045" />
  <testcase classname="biblioj.ReservationControllerTests" name="testIndex" time="0.036" />
  <testcase classname="biblioj.ReservationControllerTests" name="testConfirmerReservation" time="0.04" />
  <testcase classname="biblioj.ReservationControllerTests" name="testReservation" time="0.044" />
  <system-out><![CDATA[--Output from testList--
--Output from testShow--
--Output from testUpdate--
--Output from testCreate--
--Output from testSave--
--Output from testDelete--
--Output from testEdit--
--Output from testIndex--
--Output from testConfirmerReservation--
--Output from testReservation--
]]></system-out>
  <system-err><![CDATA[--Output from testList--
--Output from testShow--
--Output from testUpdate--
--Output from testCreate--
--Output from testSave--
--Output from testDelete--
--Output from testEdit--
--Output from testIndex--
--Output from testConfirmerReservation--
--Output from testReservation--
]]></system-err>
</testsuite>
